<?xml version="1.0" ?>
<testsuites disabled="0" errors="2" failures="0" tests="2" time="0.003970623016357422">
	<testsuite disabled="0" errors="2" failures="0" name="" skipped="0" tests="2" time="0.003970623016357422">
		<testcase file="t1\script.yaml" name="t1" time="0.001973">
			<error message="[WinError 2] The system cannot find the file specified" type="error"/>
		</testcase>
		<testcase file="t2\script.yaml" name="t2" time="0.001998">
			<error message="[WinError 2] The system cannot find the file specified" type="error"/>
		</testcase>
	</testsuite>
</testsuites>
